C51 COMPILER V9.59.0.0   S_TOUCHKEYCFG                                                     04/23/2019 19:04:06 PAGE 1   


C51 COMPILER V9.59.0.0, COMPILATION OF MODULE S_TOUCHKEYCFG
OBJECT MODULE PLACED IN .\obj\S_TouchKeyCFG.obj
COMPILER INVOKED BY: E:\MDK\C51\BIN\C51.EXE lib\S_TouchKeyCFG.C OPTIMIZE(2,SPEED) BROWSE INCDIR(.\H;.\lib) DEBUG OBJECTE
                    -XTEND PRINT(.\lst\S_TouchKeyCFG.lst) TABS(7) OBJECT(.\obj\S_TouchKeyCFG.obj)

line level    source

   1          //*************************************************************************************************
   2          //  Copyright (c)    深圳市赛元微电子有限公司
   3          //     文件名称      :  S_TouchKeyCFG.c
   4          //     作者          : 
   5          //     模块功能      :  SC91F844触控键配置文件
   6          //     版本          :
   7          //     更改记录      :
   8          //     注意事项      :  用户需要配置的文件在S_TouchKeyCFG.h中
   9          //  库版本标记       : 
  10          //************************************************************************************************
  11          #include "lib\S_TouchKeyCFG.h"
  12          
  13          //*************************************************************************************
  14          //            844 寄存器定义
  15          //*************************************************************************************
  16          /*PSW*/
  17          sfr    TK_PSW     =  0xD0;  //程序状态字
  18          sbit   TK_CY         =      TK_PSW^7;     //进位  
  19          
  20          sfr        BTMCON      =   0XCE;   //低频定时器控制寄存器
  21          sfr    TK_IE1     =  0xA9;                                                   //中断控制寄存
  22          /*system*/
  23          sfr    PCON       =   0x87;        //电源管理控制寄存器
  24          
  25          sfr           TKCR   =      0xE8;                                                   //TouchKey控制寄存器
  26          
  27          sfr    TKTMH  =      0xE7;                                                   //触摸按键定时寄存器L
  28          sfr    TKTML  =      0xE6;                                                   //触摸按键定时寄存器L
  29          sfr16   TKTM    =   0xE6;
  30          
  31          sfr           TKCNTH =      0xE5;                                                   //TouchKey计数器值高7位
  32          sfr           TKCNTL =      0xE4;                                                   //TouchKey计数器值低8位
  33          sfr16   TKCNT   =   0xE4;
  34          
  35          sfr    TKCFG2 =      0xE3;                                                   //触摸按键参考电压配置寄存器
  36          sfr           TKCFG1 =      0xE2;                                                   //TouchKey配置寄存器2
  37          sfr           TKCFG0 =      0xE1;                                                   //TouchKey配置寄存器1
  38          
  39          /*TKCR*/
  40          sbit   ENTKS  =      TKCR^7;                                                        //TouchKey开关电源
  41          sbit   TRIG   =      TKCR^6;                                                        //TouchKey触发开关：写1有效，触发一次key扫描周期
  42          sbit   TRIF   =      TKCR^5;                                                        //TouchKey中断标志
  43          //===========================================================================
  44          //全局变量定义
  45          unsigned      char   xdata         SOCAPI_TouchKeyStatus;                                  //API接口状态：bit7-一轮扫描完成标志  1:完成     0：未完成
  46                                                                                                                                     //                  bit6-通道触摸计数溢出标志 1:溢出        0:未溢出
  47          //===============================================================================
  48          //全局变量声明：该区域不可修改
  49          unsigned      int    xdata         RawData [SOCAPI_SET_TOUCHKEY_TOTAL];                    
  50          unsigned      int           xdata         BaseLine[SOCAPI_SET_TOUCHKEY_TOTAL];
  51          unsigned    int             xdata         FilterData[SOCAPI_SET_TOUCHKEY_TOTAL];                                                                                 
  52          unsigned      char    xdata        RestAreaCnt[SOCAPI_SET_TOUCHKEY_TOTAL];                 
  53          unsigned      char    xdata        TouchCnt[SOCAPI_SET_TOUCHKEY_TOTAL];                           
  54          unsigned      char    xdata        NoTouchCnt[SOCAPI_SET_TOUCHKEY_TOTAL];                  
C51 COMPILER V9.59.0.0   S_TOUCHKEYCFG                                                     04/23/2019 19:04:06 PAGE 2   

  55          unsigned      char   xdata         CurrentChannel[SOCAPI_SET_TOUCHKEY_TOTAL];                                               
  56          unsigned    char    xdata       LowFingerDataCnt[SOCAPI_SET_TOUCHKEY_TOTAL];
  57          unsigned      char    xdata        FloatAreaCnt[SOCAPI_SET_TOUCHKEY_TOTAL]; 
  58          unsigned      char   xdata      BaseLineAdjusttmp[SOCAPI_SET_TOUCHKEY_TOTAL];       
  59          int                 xdata       DifferAccum[SOCAPI_SET_TOUCHKEY_TOTAL]; 
  60          char               xdata           SetNoiseThreshold;
  61          unsigned      char   xdata         ConfirmTouchCnt;
  62          unsigned      char   xdata         MultipleDealTpye = 0; 
  63          
  64          //自定义变量
  65          unsigned      int    xdata             UpdateBaseLNum;                                     // 单键长按计数器
  66          unsigned      int    xdata             MultipleLNum;                                       // 多按键干扰计数
  67          bit  WakeUp_Flag = 0;
  68          //外部变量接口
  69          extern        unsigned      char   data          CurrentChannelMax;          //当前选中的keysensor的个数
  70          extern  bit  bMultiple;     //多按键标志  
  71          extern        bit  GetIsNeedUpdateBaseline(void);
  72          extern  void SetNeedUpdateBaseline(void);
  73          extern  unsigned long int SensorKeyFlag(void);
  74          extern  void MultipleDeal(unsigned char CycleCnt);
  75          extern  void FilterDataDeal(unsigned char i);
  76          extern unsigned      int     xdata       ScanTime;
  77          
  78          
  79          /***************弹簧库独有***************/
  80          #define              SOCAPI_SET_CS_FUNCTION                                         1             //0:表示不进行CS测试,1: 表示进行CS测试,默认0
  81          #define              SOCAPI_INHIBITION_ZONE                                      8         //抑制区间%，设置范围5-10，默认7,即（7*10）%=70% ，连水时加大该
             -参数,对讲机设置小
  82          #define              SOCAPI_MAX_KEY_MUTIPLE                                         300           //多少次干扰更新基线，默认300*5=1500
  83          #define              SOCAPI_MAX_KEY_NUM_INVALID                              3             //强制更新基线按键限制个数，默认3
  84          /****************************************/
  85          
  86          #define              AppType                                          0
  87          #define              IsDoubleKey                                      1
  88          #define              AirSeparationDistance                  2
  89          #define       CONFIRMTOUCHCNT                     3
  90          #define       INIT_AUTO_UPDATE_TIME                  4
  91          #define       SET_KEY_CONTI_TIME                  5  
  92          #define       SET_SYNC_UPDATE                           6
  93          #define       SET_UPDATE_SPEED                          7      
  94          #define       AUTO_UPDATE_TIME                8
  95          #define              FilteredKValue                                   9
  96          #define              SET_ANTIJAM                               10
  97          #define              BAUD                               11
  98          #define              DwellTime                                 12
  99          #define       SaveTime                                      13
 100          #define       NOISE                               16
 101          
 102          #define       SET_TOUCH_FREQ                                   0
 103          #define              SET_RESOLUTION                                   1
 104          #define       SET_GAIN_CFG                              2
 105          #define       SCANTIME                                         3
 106          #define       SET_ICHA                                         4
 107          #define       FINGER_THRESHOLD_H                     6
 108          #define       FINGER_THRESHOLD_L                     7
 109          
 110          //**********************************************************************************       
 111          //                                                      低功耗设置                                                //
 112          //**********************************************************************************
 113          
 114          #define     TK_LowPowerMode                
 115          
C51 COMPILER V9.59.0.0   S_TOUCHKEYCFG                                                     04/23/2019 19:04:06 PAGE 3   

 116          #ifdef  TK_LowPowerMode
 117          typedef enum
 118          {
 119            BTM_TIMEBASE_15600US    = 0X00,         //低频时钟中断时间为15.6MS
 120            BTM_TIMEBASE_31300US    = 0X01,         //低频时钟中断时间为31.3MS
 121            BTM_TIMEBASE_62500US    = 0X02,         //低频时钟中断时间为62.5MS
 122            BTM_TIMEBASE_125MS          = 0X03,            //低频时钟中断时间为125MS
 123            BTM_TIMEBASE_250MS      = 0X04,         //低频时钟中断时间为250MS
 124            BTM_TIMEBASE_500MS      = 0X05,         //低频时钟中断时间为500MS
 125            BTM_TIMEBASE_1S         = 0X06,         //低频时钟中断时间为1S
 126            BTM_TIMEBASE_2S         = 0X07,         //低频时钟中断时间为2S
 127            BTM_TIMEBASE_4S         = 0X08          //低频时钟中断时间为4S
 128          } BTM_Timebase_TypeDef;
 129          
 130          
 131          #include <intrins.h>
 132          
 133          #define      WakeUpKeyNum                      1                    //低功耗模式下扫描按键个数     
 134          #define      WakeUpKeyChannel                  0x00000200           //低功耗下扫描按键的对应通道
 135          #define      TK_SeepTimervSetting              BTM_TIMEBASE_125MS   //低功耗下按键之间的扫描间隔
 136          #define      TK_WakeUpConfirmTouchCnt          8                                    //低功耗下确认按键次数
 137                                                                                       
 138          bit  LowPowerScan_Flag = 0;                                         //低功耗扫描标志
 139          bit  SingleKeyFastScan_Flag = 0;                                    //单按键快速扫描标志
 140          bit  BTM_WakeUpFlag =0;
 141          unsigned    char    idata       WakeUpKey_List[WakeUpKeyNum];
 142          unsigned      char   idata             WakeUpKey_Index;
 143          unsigned      char   idata             WakeUpThenScanCount = 0; 
 144          extern void Customer_IntoLowPowerMode_Init(void);
 145          extern void Customer_QuitLowPowerMode_Init(void);
 146          extern void Customer_BTM_Dispose(void);
 147          extern unsigned  long       int    data          KeyFlag;
 148          
 149          //**********************************************************************************
 150          
 151          /**************************************************
 152          *函数名称：void BtmInit(void) 
 153          *函数功能：
 154          *入口参数：void 
 155          *出口参数：void
 156          **************************************************/
 157          void BTM_Init(void)
 158          {
 159   1          BTMCON = BTMCON & 0XF0 | TK_SeepTimervSetting;
 160   1             TK_IE1 |= 0X04;
 161   1      }
 162          /**************************************************
 163          *函数名称：void BtmInit(void) interrupt   0
 164          *函数功能：Btm中断服务函数
 165          *入口参数：void 
 166          *出口参数：void
 167          **************************************************/
 168          void BtmInit(void) interrupt       9
 169          {
 170   1         BTMCON &= (~0X40); 
 171   1         BTMCON &= (~0X80); 
 172   1         BTM_WakeUpFlag = 1;    
 173   1      }
 174          #endif
 175          
 176          
 177          //**********************************************************************************       
C51 COMPILER V9.59.0.0   S_TOUCHKEYCFG                                                     04/23/2019 19:04:06 PAGE 4   

 178          //                                                      函数接口调用部分                                                        //
 179          //**********************************************************************************
 180          /**************************************************
 181          *函数名称：unsigned int SetOneKeyPushResetTime(void) 
 182          *函数功能：按键最长的输出时间
 183          *入口参数：void
 184          *出口参数：unsigned int SOCAPI_SET_KEY_CONTI_TIME
 185          *备注   ：这个返回值的设置， 是根据有多长时间启动TouchKeyRestart（）一次
 186          例如10ms 启动一次， 那SOCAPI_SET_KEY_CONTI_TIME*10ms，超过时间后此按键无效。
 187          **************************************************/
 188          unsigned int SetOneKeyPushResetTime(void)   
 189          {        
 190   1             return  TKCFG[SET_KEY_CONTI_TIME];
 191   1      }
 192          /**************************************************
 193          *函数名称：unsignedint  GetBaselineUpdateThreshold(void)
 194          *函数功能：更新速度 
 195          *入口参数：void
 196          *出口参数：unsigned  int 
 197          *备注   ：
 198          **************************************************/
 199          unsigned int  GetBaselineUpdateThreshold(void)
 200          {
 201   1             return TKCFG[SET_UPDATE_SPEED]; 
 202   1      }
 203          
 204          /**************************************************
 205          *函数名称：unsigned char GetInitAutoUpdateTime(void)
 206          *函数功能：初始化自动校准次数
 207          *入口参数：void
 208          *出口参数：unsigned  char 
 209          *备注   ：
 210          **************************************************/
 211          unsigned char GetInitAutoUpdateTime(void)
 212          {
 213   1             return  TKCFG[INIT_AUTO_UPDATE_TIME];
 214   1      }
 215          /**************************************************
 216          *函数名称：unsigned char GetCsFunction(void)
 217          *函数功能：进行CS 测试
 218          *入口参数：void
 219          *出口参数：char SOCAPI_SET_CS_FUNCTION
 220          *备注   ：
 221          **************************************************/
 222          unsigned char GetCsFunction(void)
 223          {
 224   1             return SOCAPI_SET_CS_FUNCTION; 
 225   1      }
 226          /**************************************************
 227          *函数名称：int  GetCurrFingerValue(unsigned char i)
 228          *函数功能：获取当前的finger 值
 229          *入口参数：unsigned char
 230          *出口参数：int 
 231          *备注   ：
 232          **************************************************/
 233          unsigned int   GetCurrFingerValue(unsigned char i)
 234          { 
 235   1             return TKChannelCfg[i][FINGER_THRESHOLD_H]*256+TKChannelCfg[i][FINGER_THRESHOLD_L] ;
 236   1      }
 237          
 238          /**************************************************
 239          *函数名称：unsigned char  GetScanTimeValue(unsigned char i)
C51 COMPILER V9.59.0.0   S_TOUCHKEYCFG                                                     04/23/2019 19:04:06 PAGE 5   

 240          *函数功能：获取当前通道的扫描时间
 241          *入口参数：unsigned char
 242          *出口参数：unsigned char 
 243          *备注   ：
 244          **************************************************/
 245          unsigned char  GetScanTimeValue(unsigned char i)
 246          { 
 247   1             return TKChannelCfg[i][SCANTIME];
 248   1      }
 249          /**************************************************
 250          *函数名称：unsigned char IsDoubleKeyOrSlideKey(void)
 251          *函数功能：检测是否是弹簧滑条或者双键
 252          *入口参数：void
 253          *出口参数：unsigned char 
 254          *备注   ：
 255          **************************************************/
 256          unsigned char IsDoubleKeyOrSlideKey(void)
 257          {
 258   1          return TKCFG[IsDoubleKey];
 259   1      }
 260          /**************************************************
 261          *函数名称：unsigned char  GetBaseLineAdjustValue(unsigned char i)
 262          *函数功能：获取当前通道的基线调整
 263          j
 264          *入口参数：unsigned char
 265          *出口参数：unsigned char 
 266          *备注   ：
 267          **************************************************/
 268          unsigned char  GetBaseLineAdjustValue(unsigned char i)
 269          {      
 270   1          return BaseLineAdjusttmp[i]; 
 271   1      }
 272          /**************************************************
 273          *函数名称：unsigned char GetUpConfirmCnt(void)
 274          *函数功能：检测按键弹起次数
 275          *入口参数：void
 276          *出口参数：返回按键弹起确认次数 
 277          *备注   ：
 278          **************************************************/
 279          unsigned char GetUpConfirmCnt(void)
 280          {
 281   1             return ConfirmTouchCnt>>1;
 282   1      }
 283          /**************************************************
 284          *函数名称：unsigned char GetTKYzCnt(void)
 285          *函数功能：获取按键抑制确认次数
 286          *入口参数：void
 287          *出口参数：返回抑制次数 
 288          *备注   ：
 289          **************************************************/
 290          unsigned char GetTKYzCnt(void)
 291          {
 292   1             return (ConfirmTouchCnt/3);
 293   1      }
 294          
 295          /**************************************************
 296          *函数名称：int GetTKYzThreshold(unsigned char i)
 297          *函数功能：获取按键抑制区间
 298          *入口参数：unsigned char i
 299          *出口参数：返回抑制区间
 300          *备注   ：
 301          **************************************************/
C51 COMPILER V9.59.0.0   S_TOUCHKEYCFG                                                     04/23/2019 19:04:06 PAGE 6   

 302          unsigned int GetTKYzThreshold(unsigned char i)
 303          {      
 304   1             unsigned int SetFingerThresholdtmp; 
 305   1             
 306   1             SetFingerThresholdtmp = GetCurrFingerValue(i); 
 307   1          SetFingerThresholdtmp = SetFingerThresholdtmp*SOCAPI_INHIBITION_ZONE/10;
 308   1      
 309   1             return SetFingerThresholdtmp;
 310   1      }
 311          /**************************************************
 312          *函数名称：void CurrentSensorChoose(void)
 313          *函数功能：当前通道选择
 314          *入口参数：void
 315          *出口参数：void
 316          *备注   ：
 317          **************************************************/
 318          void CurrentSensorChoose(void)
 319          {
 320   1             unsigned char        i ;
 321   1             unsigned char        Ctk_Channel_mark = 0;
 322   1          unsigned char    WakeUpKey_Channel_mark = 0;
 323   1             unsigned long int    CurrentSensorKey  ; 
 324   1             CurrentSensorKey = SOCAPI_SET_TOUCHKEY_CHANNEL; 
 325   1                    
 326   1             for(i=0;i<23;i++)
 327   1             {
 328   2                    CurrentSensorKey=CurrentSensorKey>>1;
 329   2                    if(TK_CY)
 330   2                    {
 331   3                           CurrentChannel[Ctk_Channel_mark] = i;                                        //选择触摸当前的通道
 332   3                  #ifdef  TK_LowPowerMode
 333   3                           if(WakeUpKey_Channel_mark<WakeUpKeyNum)
 334   3                  {
 335   4                      if((WakeUpKeyChannel&((unsigned long int)1<<i)))
 336   4                      {
 337   5                          WakeUpKey_List[WakeUpKey_Channel_mark++] = Ctk_Channel_mark;
 338   5                      }
 339   4                  }
 340   3                  #endif
 341   3                           Ctk_Channel_mark++;
 342   3                           if(Ctk_Channel_mark >= SOCAPI_SET_TOUCHKEY_TOTAL)
 343   3                                  break;
 344   3                    }             
 345   2             }
 346   1             CurrentChannelMax = Ctk_Channel_mark;                                               //当前选择的按键数 
 347   1      }
 348          
 349          /**************************************************
 350          *函数名称：unsigned char  GetCfgMsg(unsigned char i)
 351          *函数功能：获取Touch KEY 配置信息
 352          *入口参数：void
 353          *出口参数：int 
 354          *备注   ：
 355          **************************************************/
 356          unsigned char  GetCfgMsg(unsigned char i)
 357          {
 358   1             switch(i)
 359   1             { 
 360   2                     case 0:  return TKChannelCfg[0][SET_TOUCH_FREQ];
 361   2                     case 1:  return TKChannelCfg[0][SET_RESOLUTION];
 362   2                     case 2:  return TKChannelCfg[0][SET_GAIN_CFG];
 363   2                     case 3:  return TKChannelCfg[0][SET_GAIN_CFG];
C51 COMPILER V9.59.0.0   S_TOUCHKEYCFG                                                     04/23/2019 19:04:06 PAGE 7   

 364   2                     case 4:  return TKCFG[SET_ANTIJAM];
 365   2                     default:return 0;          
 366   2             }
 367   1      }
 368          
 369          /**************************************************
 370          *函数名称：void CurrentSensorChoose(void)
 371          *函数功能：初始化TK寄存器
 372          *入口参数：void
 373          *出口参数：void
 374          *备注   ：
 375          **************************************************/
 376          void TouchKeyCFGInit(void)
 377          {
 378   1             unsigned char        i;
 379   1             ConfirmTouchCnt = TKCFG[CONFIRMTOUCHCNT];
 380   1             SetNoiseThreshold = TKCFG[NOISE];
 381   1             CurrentSensorChoose(); 
 382   1             for(i=0;i<CurrentChannelMax;i++)
 383   1             {
 384   2               BaseLineAdjusttmp[i] =TKChannelCfg[i][SET_ICHA];;     
 385   2             } 
 386   1             UpdateBaseLNum = 0; 
 387   1          #ifdef  TK_LowPowerMode
 388   1          BTM_Init();
 389   1          #endif 
 390   1      }
 391          
 392          /**************************************************
 393          *函数名称：unsigned int TouchKeyScan(void)
 394          *函数功能：检测按键接口
 395          *入口参数：void
 396          *出口参数：按键通道， 返回的是一个int , 通道数
 397          *备注   ：1,  调用触控库检测函数SensorKeyFlag()
 398                           2,  分析得出16个通道，哪个通道有按下，按下bit 位设置为1，否则为0
 399                           3,  检测是否需要立即更新baseline:  大于MAX_KEY_RESET_BASELINE 个按键按下时立即更新baseline
 400                           4,  双键或者单键按下时， 时间大于SetOneKeyPushResetTime()结果时更新baseline 
 401          **************************************************/
 402          unsigned long int TouchKeyScan(void)
 403          {
 404   1             unsigned char t;
 405   1          unsigned char MultipleCnt = 0;//按键计数
 406   1             unsigned long int Keyvalue ; 
 407   1             unsigned long int KeyData = 0;     
 408   1             if(WakeUp_Flag == 0)
 409   1             {
 410   2              if(GetIsNeedUpdateBaseline() == 0)                            //检测是否需要更新baseline 
 411   2              {
 412   3                  Keyvalue = SensorKeyFlag();                               //Sensor判断, 这里如果bMultiple = 1 表示中间有干扰       //分析按键
             -，得出标准的16通道bit 位                                                                      
 413   3                  for(t=0;t<CurrentChannelMax;t++)
 414   3                  {
 415   4                      Keyvalue = Keyvalue>>1;
 416   4                      if(TK_CY)
 417   4                      {
 418   5                          KeyData |= ((unsigned long int)0x01 << (CurrentChannel[t]));              
 419   5                          MultipleCnt++;                                           
 420   5                      }
 421   4                  }                
 422   3                  if(MultipleCnt >= 2)                                                                  //进入多按键处理
 423   3                  {               
 424   4                      bMultiple = 1;                   
C51 COMPILER V9.59.0.0   S_TOUCHKEYCFG                                                     04/23/2019 19:04:06 PAGE 8   

 425   4                      if(MultipleCnt >= SOCAPI_MAX_KEY_NUM_INVALID)
 426   4                      {
 427   5                          SetNeedUpdateBaseline();                                               // 立即更新baseline ,例如亚克力板盖上去
 428   5                      }
 429   4                      else
 430   4                      {                                
 431   5                          if(IsDoubleKeyOrSlideKey())
 432   5                          {
 433   6                              bMultiple = 0;
 434   6                          }                             
 435   5                      }                  
 436   4                  }               
 437   3      
 438   3                  if(bMultiple == 0)                                               //进入按键判断
 439   3                  {        
 440   4                      if(KeyData != 0x0)                                 //单个按键达到多长时间就update baseline ,松手检测
 441   4                      {                  
 442   5                          UpdateBaseLNum++; 
 443   5                      }
 444   4                      else 
 445   4                      {
 446   5                          UpdateBaseLNum = 0;                            
 447   5                      }                                  
 448   4                  } 
 449   3                  else
 450   3                  {   
 451   4                      //考虑基线更新            
 452   4                      MultipleLNum++; 
 453   4                      KeyData = 0x00;
 454   4                  }
 455   3      
 456   3                  if(UpdateBaseLNum > SetOneKeyPushResetTime())        //按键超出最长输出时间更新基线
 457   3                  {
 458   4                      SetNeedUpdateBaseline(); 
 459   4                      UpdateBaseLNum = 0;
 460   4                  }
 461   3                          
 462   3                  if(MultipleLNum >SOCAPI_MAX_KEY_MUTIPLE)             //干扰计数大于最大计数更新基线
 463   3                  {
 464   4                      SetNeedUpdateBaseline(); 
 465   4                      MultipleDealTpye = 1; 
 466   4                      MultipleLNum = 0;
 467   4                  }  
 468   3              }                   
 469   2              else
 470   2              {
 471   3                  MultipleDeal(TKCFG[AUTO_UPDATE_TIME]);                                                                     //基线复位处理
 472   3              }  
 473   2          }
 474   1          else
 475   1          {
 476   2              #ifdef  TK_LowPowerMode
 477   2                    Keyvalue = KeyFlag;
 478   2              for(t=0;t<CurrentChannelMax;t++)
 479   2              {                   
 480   3                  FilterDataDeal(t);                                 //IIR滤波 
 481   3                  Keyvalue = Keyvalue>>1;
 482   3                  if(TK_CY)
 483   3                  {
 484   4                      KeyData |= ((unsigned long int)0x01 << (CurrentChannel[t]));                                           
             -              
 485   4                  }            
C51 COMPILER V9.59.0.0   S_TOUCHKEYCFG                                                     04/23/2019 19:04:06 PAGE 9   

 486   3              }            
 487   2              WakeUpThenScanCount++;
 488   2              if(WakeUpThenScanCount>5)
 489   2              {
 490   3                  WakeUpThenScanCount = 0;
 491   3                  for(t=0; t<CurrentChannelMax; t++)  //初始化Filter滤波
 492   3                  {
 493   4                      if(KeyFlag &((unsigned long int)1<<WakeUpKey_List[WakeUpKey_Index]))
 494   4                          continue;
 495   4                      BaseLine[t] = RawData[t];
 496   4                  }
 497   3                  WakeUp_Flag = 0;
 498   3              }
 499   2                    #endif
 500   2          }
 501   1             return KeyData;
 502   1      }
 503          /**************************************************
 504          *函数名称：void TouchKey_IntoLowPowerMode(void)
 505          *函数功能d进入低功耗模式
 506          *入口参数：void
 507          *出口参数：void  
 508          **************************************************/
 509          void TouchKey_IntoLowPowerMode(void)
 510          {
 511   1          #ifdef  TK_LowPowerMode
 512   1          LowPowerScan_Flag = 1;
 513   1          WakeUp_Flag = 0;
 514   1          WakeUpKey_Index = 0;
 515   1          TK_IE1 = TK_IE1&(~0x10);                     //关闭TK中断
 516   1          Customer_IntoLowPowerMode_Init();
 517   1          #endif
 518   1      }
 519          
 520          /**************************************************
 521          *函数名称：void TouchKey_QuitLowPowerMode(void)
 522          *函数功能d退出低功耗模式
 523          *入口参数：void
 524          *出口参数：void  
 525          **************************************************/
 526          void TouchKey_QuitLowPowerMode(void)
 527          {
 528   1          #ifdef  TK_LowPowerMode
 529   1           LowPowerScan_Flag = 0;
 530   1           WakeUp_Flag = 1;  
 531   1           TK_IE1 = TK_IE1|0x10;                       //使能触摸中断
 532   1           TKCR = 0x80|CurrentChannel[0]; 
 533   1           TRIG = 1; 
 534   1           Customer_QuitLowPowerMode_Init();
 535   1          #endif
 536   1      }
 537          
 538          /**************************************************
 539          *函数名称：void TouchKey_LowPower_Scan(void)
 540          *函数功能d低功耗扫描
 541          *入口参数：void
 542          *出口参数：void  
 543          **************************************************/
 544          void TouchKey_LowPower_Scan(void)
 545          {
 546   1          #ifdef  TK_LowPowerMode
 547   1          TKCFG0 =  GetCfgMsg(2)*16+0;
C51 COMPILER V9.59.0.0   S_TOUCHKEYCFG                                                     04/23/2019 19:04:06 PAGE 10  

 548   1          TKTM = ScanTime*GetScanTimeValue(WakeUpKey_List[WakeUpKey_Index])>>2;
 549   1             TKCFG0 =  GetCfgMsg(2)*16+GetCfgMsg(0);
 550   1          TKCFG1 = (TKCFG1&0X80) | GetBaseLineAdjustValue(WakeUpKey_List[WakeUpKey_Index]);
 551   1          TKCR = 0x80|CurrentChannel[WakeUpKey_List[WakeUpKey_Index]]; 
 552   1          TRIG = 1;           
 553   1          #endif    
 554   1      }
 555          
 556          /**************************************************
 557          *函数名称：void TouchKey_LowPower_Dispose(void)
 558          *函数功能d低功耗扫描数据处理
 559          *入口参数：void
 560          *出口参数：void  
 561          **************************************************/
 562          void TouchKey_LowPower_Dispose(void)
 563          {  
 564   1           #ifdef  TK_LowPowerMode 
 565   1           int differData; 
 566   1           int SetFingerThresholdtmp;  
 567   1           while(TRIF == 0);  
 568   1           TRIF = 0; 
 569   1              
 570   1           RawData[WakeUpKey_List[WakeUpKey_Index]] = TKCNT<<2;
 571   1           FilterDataDeal(WakeUpKey_List[WakeUpKey_Index]);
 572   1           differData = RawData[WakeUpKey_List[WakeUpKey_Index]]-BaseLine[WakeUpKey_List[WakeUpKey_Index]] ;
 573   1           SetFingerThresholdtmp = GetCurrFingerValue(WakeUpKey_List[WakeUpKey_Index]);
 574   1           if(differData >= (SetFingerThresholdtmp ))
 575   1           {
 576   2               TouchCnt[WakeUpKey_List[WakeUpKey_Index]]++;        
 577   2               SingleKeyFastScan_Flag = 1;       
 578   2           } 
 579   1           else
 580   1           {      
 581   2                BaseLine[WakeUpKey_List[WakeUpKey_Index]] =BaseLine[WakeUpKey_List[WakeUpKey_Index]]-(BaseLine[W
             -akeUpKey_List[WakeUpKey_Index]]>>5)+(RawData[WakeUpKey_List[WakeUpKey_Index]]>>5);          
 582   2           }
 583   1           #endif     
 584   1      }
 585          
 586          /**************************************************
 587          *函数名称：void SingleKeyFastScan(void)
 588          *函数功能d单按键快速扫描模式
 589          *入口参数：void
 590          *出口参数：void  
 591          **************************************************/
 592          void SingleKeyFastScan(void)
 593          { 
 594   1          #ifdef  TK_LowPowerMode 
 595   1          unsigned char i;
 596   1          int differData; 
 597   1          int SetFingerThresholdtmp;
 598   1          
 599   1          SingleKeyFastScan_Flag = 0;  
 600   1          
 601   1          for(i=0;i<TK_WakeUpConfirmTouchCnt;i++)
 602   1          {
 603   2               TouchKey_LowPower_Scan();
 604   2               while(TRIF == 0);
 605   2               TRIF = 0;
 606   2               RawData[WakeUpKey_List[WakeUpKey_Index]] = TKCNT<<2;
 607   2               FilterDataDeal(WakeUpKey_List[WakeUpKey_Index]);
 608   2               differData = RawData[WakeUpKey_List[WakeUpKey_Index]]-BaseLine[WakeUpKey_List[WakeUpKey_Index]] ;
C51 COMPILER V9.59.0.0   S_TOUCHKEYCFG                                                     04/23/2019 19:04:06 PAGE 11  

 609   2               SetFingerThresholdtmp = GetCurrFingerValue(WakeUpKey_List[WakeUpKey_Index]);
 610   2               if(differData >= (SetFingerThresholdtmp ))
 611   2               {   
 612   3                  TouchCnt[WakeUpKey_List[WakeUpKey_Index]]++;  
 613   3               }             
 614   2          }
 615   1          if(TouchCnt[WakeUpKey_List[WakeUpKey_Index]]>=TK_WakeUpConfirmTouchCnt)
 616   1          {        
 617   2               KeyFlag |= ((unsigned long int)1<<WakeUpKey_List[WakeUpKey_Index]);      
 618   2                     TouchKey_QuitLowPowerMode();       
 619   2          }
 620   1          else
 621   1          {
 622   2              TouchCnt[WakeUpKey_List[WakeUpKey_Index]] = 0;;
 623   2          }
 624   1          #endif
 625   1      }
 626          
 627          /**************************************************
 628          *函数名称：void  SleepMode(void)
 629          *函数功能d睡眠模式
 630          *入口参数：void
 631          *出口参数：void  
 632          **************************************************/
 633          void  SleepMode(void)
 634          {   
 635   1          #ifdef  TK_LowPowerMode 
 636   1          BTMCON |= 0x80;
 637   1          BTM_WakeUpFlag = 0;
 638   1          PCON |= 0x02;    //PCON的bit1 STOP位写1，配置MCU进入STOP模式
 639   1          _nop_();         //至少需要8个_nop_()
 640   1          _nop_();
 641   1          _nop_();
 642   1          _nop_();
 643   1          _nop_();
 644   1          _nop_();
 645   1          _nop_();
 646   1          _nop_();
 647   1          #endif
 648   1      }
 649          
 650          /**************************************************
 651          *函数名称：void LowPower_Touchkey_Scan(void)
 652          *函数功能d低功耗模式TK扫描
 653          *入口参数：void
 654          *出口参数：void  
 655          **************************************************/
 656          void LowPower_Touchkey_Scan(void)
 657          {                                         
 658   1          #ifdef  TK_LowPowerMode 
 659   1             //设置唤醒按键扫描
 660   1          TouchKey_LowPower_Scan(); 
 661   1      
 662   1             //进入STOP模式                  
 663   1          SleepMode();    
 664   1                                         
 665   1             //进行按键处理
 666   1          TouchKey_LowPower_Dispose();      //检测按键
 667   1          if( SingleKeyFastScan_Flag == 1)
 668   1          {
 669   2              SingleKeyFastScan();                 //若有按键信息进入单按键快速多次扫描确定按键是否真实信号。
 670   2          }
C51 COMPILER V9.59.0.0   S_TOUCHKEYCFG                                                     04/23/2019 19:04:06 PAGE 12  

 671   1          if(LowPowerScan_Flag == 1)
 672   1          {        
 673   2              WakeUpKey_Index++; 
 674   2              if(WakeUpKey_Index>=WakeUpKeyNum)
 675   2              {
 676   3                 WakeUpKey_Index = 0; 
 677   3              }
 678   2          }  
 679   1      
 680   1             // 用户BTM唤醒后的处理函数
 681   1             Customer_BTM_Dispose();  
 682   1                   
 683   1          #endif    
 684   1      }


MODULE INFORMATION:   STATIC OVERLAYABLE
   CODE SIZE        =   1987    ----
   CONSTANT SIZE    =     98    ----
   XDATA SIZE       =    128    ----
   PDATA SIZE       =   ----    ----
   DATA SIZE        =   ----      34
   IDATA SIZE       =      3    ----
   BIT SIZE         =      4    ----
END OF MODULE INFORMATION.


C51 COMPILATION COMPLETE.  0 WARNING(S),  0 ERROR(S)
