C51 COMPILER V9.59.0.0   BSP_IO_DATA                                                       04/22/2019 20:26:05 PAGE 1   


C51 COMPILER V9.59.0.0, COMPILATION OF MODULE BSP_IO_DATA
OBJECT MODULE PLACED IN .\obj\bsp_io_data.obj
COMPILER INVOKED BY: E:\MDK\C51\BIN\C51.EXE C\bsp_io_data.c OPTIMIZE(2,SPEED) BROWSE INCDIR(.\H;.\lib) DEBUG OBJECTEXTEN
                    -D PRINT(.\lst\bsp_io_data.lst) TABS(7) OBJECT(.\obj\bsp_io_data.obj)

line level    source

   1          #include "bsp_io_data.h"
   2          #include "833X_IO.H"
   3          
   4          
   5          
   6          void IO_Data_Send(void)
   7          {
   8   1             P1CON |= 0X20;
   9   1             P1PH   &= ~0X20;
  10   1             IO_DATA_SET(0);
  11   1      }
  12          
  13          void IO_Data_Rev(void)
  14          {
  15   1             P15IH;
  16   1      }
  17          


MODULE INFORMATION:   STATIC OVERLAYABLE
   CODE SIZE        =     16    ----
   CONSTANT SIZE    =   ----    ----
   XDATA SIZE       =   ----    ----
   PDATA SIZE       =   ----    ----
   DATA SIZE        =   ----    ----
   IDATA SIZE       =   ----    ----
   BIT SIZE         =   ----    ----
END OF MODULE INFORMATION.


C51 COMPILATION COMPLETE.  0 WARNING(S),  0 ERROR(S)
