C51 COMPILER V9.59.0.0   INIT                                                              05/07/2019 09:46:08 PAGE 1   


C51 COMPILER V9.59.0.0, COMPILATION OF MODULE INIT
OBJECT MODULE PLACED IN .\obj\INIT.obj
COMPILER INVOKED BY: E:\MDK\C51\BIN\C51.EXE C\INIT.C OPTIMIZE(2,SPEED) BROWSE INCDIR(.\H;.\lib) DEBUG OBJECTEXTEND PRINT
                    -(.\lst\INIT.lst) TABS(7) OBJECT(.\obj\INIT.obj)

line level    source

   1          #include "INIT.H"
   2          #include "SC92F836xB_C.H"
   3          #include "TimeOut.h"
   4          #include "key.h"
   5          
   6          
   7          unsigned char count_250us_time,count_level;
   8          unsigned int   count_1ms_time;
   9          extern unsigned int motro_count0,
  10                                      motro_count1,
  11                                      auto_close_heat_cnt,
  12                                      auto_close_mass_cnt;
  13          
  14          extern unsigned char TX_DATA;
  15          
  16          extern unsigned char up_flag,
  17                                        down_flag,
  18                                        auto_close_heat,
  19                                        auto_close_mass;
  20          
  21          
  22          
  23          void GPIO_INIT(void)
  24          {
  25   1        P0CON |= 7 << 0;                    //设置P00,P01,P02为强推挽IO
  26   1        P2CON |= 1 << 5;                 //设置P25为强推挽IO
  27   1      
  28   1        IO_LED_FOOT_LIGHT_OFF;         //脚灯关闭
  29   1        IO_RED_LIGHT_OFF;              //红灯关闭
  30   1        IO_MOTOR_ONE_OFF;                 //升降马达1关闭
  31   1        IO_MOTOR_TWO_OFF;                 //升降马达2关闭
  32   1      }
  33          
  34          void Timer0_Init(void)
  35          { 
  36   1      
  37   1             TMCON = 0X07;    //------111 ;Timer0、Tiemr1和Tiemr2选择时钟Fsys
  38   1             
  39   1             //T0设置
  40   1             TMOD |= 0x01;                 //0000 0001;Timer0设置工作方式1
  41   1             TL0 = (65536 - 350)%256;    //溢出时间：时钟为Fsys，则24000*（1/Fsys）=2ms;
  42   1             TH0 = (65536 - 350)/256;
  43   1             TR0 = 0;
  44   1             ET0 = 1;//定时器0允许
  45   1             TR0 = 1;//打开定时器0
  46   1      }
  47          
  48          #if 1
  49          void timer0() interrupt 1         //2MS
  50          {
  51   1          TL0 = (65536 - 350)%256;     //1090      2080
  52   1          TH0 = (65536 - 350)/256;     //100us     2080
  53   1          #if 1
  54   1          TimeOutDet_DecHandle();
C51 COMPILER V9.59.0.0   INIT                                                              05/07/2019 09:46:08 PAGE 2   

  55   1              count_250us_time++;
  56   1              if(count_250us_time > 100)
  57   1              {
  58   2                count_250us_time = 0;
  59   2              }
  60   1              if(count_250us_time >= count_level)
  61   1              {
  62   2                IO_LED_FOOT_LIGHT_OFF;
  63   2              }
  64   1              else
  65   1              {
  66   2                IO_LED_FOOT_LIGHT_ON;
  67   2              }     
  68   1              /*****************************锁键定时器************************/
  69   1              Lock_Handle();
  70   1      /***************************************************************/
  71   1             if(up_flag)
  72   1             {
  73   2                motro_count0++;
  74   2                if(motro_count0>1500)
  75   2                {
  76   3                   motro_count0 = 0;
  77   3                      up_flag = 0;
  78   3                      down_flag = 1;
  79   3                      P0 &= 0Xf9;
  80   3                }
  81   2             }
  82   1             if(down_flag)
  83   1             {
  84   2                motro_count1++;
  85   2                if(motro_count1>1500)
  86   2                {
  87   3                  motro_count1 = 0;
  88   3                     up_flag = 1;
  89   3                     down_flag = 0;
  90   3                     P0 &= 0Xf9;
  91   3                }
  92   2             }
  93   1               if(auto_close_mass)
  94   1               {
  95   2                 if(auto_close_mass_cnt++ > auto_close_mass_time)//1800
  96   2                    {
  97   3                       auto_close_mass_cnt = 0;
  98   3                       auto_close_mass = 0;
  99   3                       //发送马达关闭指令
 100   3                       TX_DATA = 0x21;
 101   3      
 102   3                    }
 103   2               }
 104   1               if(auto_close_heat)
 105   1               {
 106   2                 if(auto_close_heat_cnt++ > auto_close_heat_time)//3600
 107   2                    {
 108   3                       auto_close_heat_cnt = 0;
 109   3                       auto_close_heat = 0;
 110   3                       //发送发热布关闭指令
 111   3                       IO_RED_LIGHT_OFF;
 112   3                       TX_DATA = 0x20;
 113   3                    }
 114   2               }
 115   1              #endif
 116   1      }
C51 COMPILER V9.59.0.0   INIT                                                              05/07/2019 09:46:08 PAGE 3   

 117          
 118          #endif
 119          void Timer2Int(void) interrupt 5
 120          {             
 121   1             TF2 = 0;   //溢出清零
 122   1             
 123   1      }
 124          void timer1() interrupt 3
 125          {
 126   1             //P03 = ~P03;
 127   1      }
 128          
 129          
 130          
 131          


MODULE INFORMATION:   STATIC OVERLAYABLE
   CODE SIZE        =    291    ----
   CONSTANT SIZE    =   ----    ----
   XDATA SIZE       =   ----    ----
   PDATA SIZE       =   ----    ----
   DATA SIZE        =      4    ----
   IDATA SIZE       =   ----    ----
   BIT SIZE         =   ----    ----
END OF MODULE INFORMATION.


C51 COMPILATION COMPLETE.  0 WARNING(S),  0 ERROR(S)
