C51 COMPILER V9.59.0.0   MAIN                                                              05/07/2019 09:43:45 PAGE 1   


C51 COMPILER V9.59.0.0, COMPILATION OF MODULE MAIN
OBJECT MODULE PLACED IN .\obj\main.obj
COMPILER INVOKED BY: E:\MDK\C51\BIN\C51.EXE C\main.c OPTIMIZE(2,SPEED) BROWSE INCDIR(.\H;.\lib) DEBUG OBJECTEXTEND PRINT
                    -(.\lst\main.lst) TABS(7) OBJECT(.\obj\main.obj)

line level    source

   1          #include "system.h"
   2          
   3          #if 0
              /**************************************************
              *函数名称：void Customer_IntoSleepmode_init(void)
              *函数功能：进入低功耗模式前的的初始化
              *入口参数：void
              *出口参数：void  
              **************************************************/
              void Customer_IntoLowPowerMode_Init(void)
              {
                  //关闭耗电的外设，保持最低功耗
                  //P0= P1 = P2 = 0;
              }
              /**************************************************
              *函数名称：void Customer_OutoffSleepmode_init(void)
              *函数功能：退出低功耗模式后的的初始化
              *入口参数：void
              *出口参数：void  
              **************************************************/
              void Customer_QuitLowPowerMode_Init(void)
              {
                 //恢复低功耗前设置
              }
              
              void Customer_BTM_Dispose(void)
              {
                     ;
              }
              #endif
  31          /******************************************************************************
  32          *作者:PETER
  33          *日期:190308
  34          *描述:主函数
  35          *返回:无
  36          *******************************************************************************/
  37          void main(void)
  38          {
  39   1             System_Init();
  40   1             while(1)
  41   1             {
  42   2                    System_Handle();
  43   2             }
  44   1      }
  45          /******************************************************************************/
  46                 
  47          


MODULE INFORMATION:   STATIC OVERLAYABLE
   CODE SIZE        =      9    ----
   CONSTANT SIZE    =   ----    ----
   XDATA SIZE       =   ----    ----
   PDATA SIZE       =   ----    ----
C51 COMPILER V9.59.0.0   MAIN                                                              05/07/2019 09:43:45 PAGE 2   

   DATA SIZE        =   ----    ----
   IDATA SIZE       =   ----    ----
   BIT SIZE         =   ----    ----
END OF MODULE INFORMATION.


C51 COMPILATION COMPLETE.  0 WARNING(S),  0 ERROR(S)
