C51 COMPILER V9.59.0.0   S_TOUCHKEYCFG                                                     05/06/2019 20:56:46 PAGE 1   


C51 COMPILER V9.59.0.0, COMPILATION OF MODULE S_TOUCHKEYCFG
OBJECT MODULE PLACED IN .\obj\S_TouchKeyCFG.obj
COMPILER INVOKED BY: E:\MDK\C51\BIN\C51.EXE lib\S_TouchKeyCFG.C OPTIMIZE(2,SPEED) BROWSE INCDIR(.\H;.\lib) DEBUG OBJECTE
                    -XTEND PRINT(.\lst\S_TouchKeyCFG.lst) TABS(7) OBJECT(.\obj\S_TouchKeyCFG.obj)

line level    source

   1          //*************************************************************************************************
   2          //  Copyright (c)    深圳市赛元微电子有限公司
   3          //     文件名称      :  S_TouchKeyCFG.c
   4          //     作者          : 
   5          //     模块功能      :  SC91F844触控键配置文件
   6          //     版本          :
   7          //     更改记录      :
   8          //     注意事项      :  用户需要配置的文件在S_TouchKeyCFG.h中
   9          //  库版本标记       : 
  10          //************************************************************************************************
  11          #include "lib\S_TouchKeyCFG.h"
  12          
  13          //*************************************************************************************
  14          //            844 寄存器定义
  15          //*************************************************************************************
  16          /*PSW*/
  17          sfr    TK_PSW     =  0xD0;  //程序状态字
  18          sbit   TK_CY         =      TK_PSW^7;     //进位  
  19          
  20          sfr        BTMCON      =   0XCE;   //低频定时器控制寄存器
  21          sfr    TK_IE1     =  0xA9;                                                   //中断控制寄存
  22          /*system*/
  23          sfr    PCON       =   0x87;        //电源管理控制寄存器
  24          
  25          sfr           TKCR   =      0xE8;                                                   //TouchKey控制寄存器
  26          
  27          sfr    TKTMH  =      0xE7;                                                   //触摸按键定时寄存器L
  28          sfr    TKTML  =      0xE6;                                                   //触摸按键定时寄存器L
  29          sfr16   TKTM    =   0xE6;
  30          
  31          sfr           TKCNTH =      0xE5;                                                   //TouchKey计数器值高7位
  32          sfr           TKCNTL =      0xE4;                                                   //TouchKey计数器值低8位
  33          sfr16   TKCNT   =   0xE4;
  34          
  35          sfr    TKCFG2 =      0xE3;                                                   //触摸按键参考电压配置寄存器
  36          sfr           TKCFG1 =      0xE2;                                                   //TouchKey配置寄存器2
  37          sfr           TKCFG0 =      0xE1;                                                   //TouchKey配置寄存器1
  38          
  39          /*TKCR*/
  40          sbit   ENTKS  =      TKCR^7;                                                        //TouchKey开关电源
  41          sbit   TRIG   =      TKCR^6;                                                        //TouchKey触发开关：写1有效，触发一次key扫描周期
  42          sbit   TRIF   =      TKCR^5;                                                        //TouchKey中断标志
  43          //===========================================================================
  44          //全局变量定义
  45          unsigned      char   xdata         SOCAPI_TouchKeyStatus;                                  //API接口状态：bit7-一轮扫描完成标志  1:完成     0：未完成
  46                                                                                                                                     //                  bit6-通道触摸计数溢出标志 1:溢出        0:未溢出
  47          //===============================================================================
  48          //全局变量声明：该区域不可修改
  49          unsigned      int    xdata         RawData [SOCAPI_SET_TOUCHKEY_TOTAL];                    
  50          unsigned      int           xdata         BaseLine[SOCAPI_SET_TOUCHKEY_TOTAL];
  51          unsigned    int             xdata         FilterData[SOCAPI_SET_TOUCHKEY_TOTAL];                                                                                 
  52          unsigned      char    xdata        RestAreaCnt[SOCAPI_SET_TOUCHKEY_TOTAL];                 
  53          unsigned      char    xdata        TouchCnt[SOCAPI_SET_TOUCHKEY_TOTAL];                           
  54          unsigned      char    xdata        NoTouchCnt[SOCAPI_SET_TOUCHKEY_TOTAL];                  
C51 COMPILER V9.59.0.0   S_TOUCHKEYCFG                                                     05/06/2019 20:56:46 PAGE 2   

  55          unsigned      char   xdata         CurrentChannel[SOCAPI_SET_TOUCHKEY_TOTAL];                                               
  56          unsigned    char    xdata       LowFingerDataCnt[SOCAPI_SET_TOUCHKEY_TOTAL];
  57          unsigned      char    xdata        FloatAreaCnt[SOCAPI_SET_TOUCHKEY_TOTAL]; 
  58          unsigned      char   xdata      BaseLineAdjusttmp[SOCAPI_SET_TOUCHKEY_TOTAL];       
  59          int                 xdata       DifferAccum[SOCAPI_SET_TOUCHKEY_TOTAL]; 
  60          char               xdata           SetNoiseThreshold;
  61          unsigned      char   xdata         ConfirmTouchCnt;
  62          unsigned      char   xdata         MultipleDealTpye = 0; 
  63          
  64          //自定义变量
  65          unsigned      int    xdata             UpdateBaseLNum;                                     // 单键长按计数器
  66          unsigned      int    xdata             MultipleLNum;                                       // 多按键干扰计数
  67          bit  WakeUp_Flag = 0;
  68          //外部变量接口
  69          extern        unsigned      char   data          CurrentChannelMax;          //当前选中的keysensor的个数
  70          extern  bit  bMultiple;     //多按键标志  
  71          extern        bit  GetIsNeedUpdateBaseline(void);
  72          extern  void SetNeedUpdateBaseline(void);
  73          extern  unsigned long int SensorKeyFlag(void);
  74          extern  void MultipleDeal(unsigned char CycleCnt);
  75          extern  void FilterDataDeal(unsigned char i);
  76          extern unsigned      int     xdata       ScanTime;
  77          
  78          
  79          /***************弹簧库独有***************/
  80          #define              SOCAPI_SET_CS_FUNCTION                                         1             //0:表示不进行CS测试,1: 表示进行CS测试,默认0
  81          #define              SOCAPI_INHIBITION_ZONE                                      8         //抑制区间%，设置范围5-10，默认7,即（7*10）%=70% ，连水时加大该
             -参数,对讲机设置小
  82          #define              SOCAPI_MAX_KEY_MUTIPLE                                         300           //多少次干扰更新基线，默认300*5=1500
  83          #define              SOCAPI_MAX_KEY_NUM_INVALID                              3             //强制更新基线按键限制个数，默认3
  84          /****************************************/
  85          
  86          #define              AppType                                          0
  87          #define              IsDoubleKey                                      1
  88          #define              AirSeparationDistance                  2
  89          #define       CONFIRMTOUCHCNT                     3
  90          #define       INIT_AUTO_UPDATE_TIME                  4
  91          #define       SET_KEY_CONTI_TIME                  5  
  92          #define       SET_SYNC_UPDATE                           6
  93          #define       SET_UPDATE_SPEED                          7      
  94          #define       AUTO_UPDATE_TIME                8
  95          #define              FilteredKValue                                   9
  96          #define              SET_ANTIJAM                               10
  97          #define              BAUD                               11
  98          #define              DwellTime                                 12
  99          #define       SaveTime                                      13
 100          #define       NOISE                               16
 101          
 102          #define       SET_TOUCH_FREQ                                   0
 103          #define              SET_RESOLUTION                                   1
 104          #define       SET_GAIN_CFG                              2
 105          #define       SCANTIME                                         3
 106          #define       SET_ICHA                                         4
 107          #define       FINGER_THRESHOLD_H                     6
 108          #define       FINGER_THRESHOLD_L                     7
 109          
 110          //**********************************************************************************       
 111          //                                                      低功耗设置                                                //
 112          //**********************************************************************************
 113          
 114          #define     TK_LowPowerMode                
 115          
C51 COMPILER V9.59.0.0   S_TOUCHKEYCFG                                                     05/06/2019 20:56:46 PAGE 3   

 116          #ifdef  TK_LowPowerMode
 117          typedef enum
 118          {
 119            BTM_TIMEBASE_15600US    = 0X00,         //低频时钟中断时间为15.6MS
 120            BTM_TIMEBASE_31300US    = 0X01,         //低频时钟中断时间为31.3MS
 121            BTM_TIMEBASE_62500US    = 0X02,         //低频时钟中断时间为62.5MS
 122            BTM_TIMEBASE_125MS          = 0X03,            //低频时钟中断时间为125MS
 123            BTM_TIMEBASE_250MS      = 0X04,         //低频时钟中断时间为250MS
 124            BTM_TIMEBASE_500MS      = 0X05,         //低频时钟中断时间为500MS
 125            BTM_TIMEBASE_1S         = 0X06,         //低频时钟中断时间为1S
 126            BTM_TIMEBASE_2S         = 0X07,         //低频时钟中断时间为2S
 127            BTM_TIMEBASE_4S         = 0X08          //低频时钟中断时间为4S
 128          } BTM_Timebase_TypeDef;
 129          
 130          
 131          #include <intrins.h>
 132          
 133          #define      WakeUpKeyNum                      1                    //低功耗模式下扫描按键个数     
 134          #define      WakeUpKeyChannel                  0x00000200           //低功耗下扫描按键的对应通道
 135          #define      TK_SeepTimervSetting              BTM_TIMEBASE_15600US   //低功耗下按键之间的扫描间隔
 136          #define      TK_WakeUpConfirmTouchCnt          1                                    //低功耗下确认按键次数
 137                                                                                       
 138          bit  LowPowerScan_Flag = 0;                                         //低功耗扫描标志
 139          bit  SingleKeyFastScan_Flag = 0;                                    //单按键快速扫描标志
 140          bit  BTM_WakeUpFlag =0;
 141          unsigned    char    idata       WakeUpKey_List[WakeUpKeyNum];
 142          unsigned      char   idata             WakeUpKey_Index;
 143          unsigned      char   idata             WakeUpThenScanCount = 0; 
 144          #if 0
              extern void Customer_IntoLowPowerMode_Init(void);
              extern void Customer_QuitLowPowerMode_Init(void);
              extern void Customer_BTM_Dispose(void);
              
              #endif
 150          extern unsigned  long       int    data          KeyFlag;
 151          
 152          //**********************************************************************************
 153          
 154          /**************************************************
 155          *函数名称：void BtmInit(void) 
 156          *函数功能：
 157          *入口参数：void 
 158          *出口参数：void
 159          **************************************************/
 160          void BTM_Init(void)
 161          {
 162   1          BTMCON = BTMCON & 0XF0 | TK_SeepTimervSetting;
 163   1             TK_IE1 |= 0X04;
 164   1      }
 165          /**************************************************
 166          *函数名称：void BtmInit(void) interrupt   0
 167          *函数功能：Btm中断服务函数
 168          *入口参数：void 
 169          *出口参数：void
 170          **************************************************/
 171          void BtmInit(void) interrupt       9
 172          {
 173   1         BTMCON &= (~0X40); 
 174   1         BTMCON &= (~0X80); 
 175   1         BTM_WakeUpFlag = 1;    
 176   1      }
 177          #endif
C51 COMPILER V9.59.0.0   S_TOUCHKEYCFG                                                     05/06/2019 20:56:46 PAGE 4   

 178          
 179          
 180          //**********************************************************************************       
 181          //                                                      函数接口调用部分                                                        //
 182          //**********************************************************************************
 183          /**************************************************
 184          *函数名称：unsigned int SetOneKeyPushResetTime(void) 
 185          *函数功能：按键最长的输出时间
 186          *入口参数：void
 187          *出口参数：unsigned int SOCAPI_SET_KEY_CONTI_TIME
 188          *备注   ：这个返回值的设置， 是根据有多长时间启动TouchKeyRestart（）一次
 189          例如10ms 启动一次， 那SOCAPI_SET_KEY_CONTI_TIME*10ms，超过时间后此按键无效。
 190          **************************************************/
 191          unsigned int SetOneKeyPushResetTime(void)   
 192          {        
 193   1             return  TKCFG[SET_KEY_CONTI_TIME];
 194   1      }
 195          /**************************************************
 196          *函数名称：unsignedint  GetBaselineUpdateThreshold(void)
 197          *函数功能：更新速度 
 198          *入口参数：void
 199          *出口参数：unsigned  int 
 200          *备注   ：
 201          **************************************************/
 202          unsigned int  GetBaselineUpdateThreshold(void)
 203          {
 204   1             return TKCFG[SET_UPDATE_SPEED]; 
 205   1      }
 206          
 207          /**************************************************
 208          *函数名称：unsigned char GetInitAutoUpdateTime(void)
 209          *函数功能：初始化自动校准次数
 210          *入口参数：void
 211          *出口参数：unsigned  char 
 212          *备注   ：
 213          **************************************************/
 214          unsigned char GetInitAutoUpdateTime(void)
 215          {
 216   1             return  TKCFG[INIT_AUTO_UPDATE_TIME];
 217   1      }
 218          /**************************************************
 219          *函数名称：unsigned char GetCsFunction(void)
 220          *函数功能：进行CS 测试
 221          *入口参数：void
 222          *出口参数：char SOCAPI_SET_CS_FUNCTION
 223          *备注   ：
 224          **************************************************/
 225          unsigned char GetCsFunction(void)
 226          {
 227   1             return SOCAPI_SET_CS_FUNCTION; 
 228   1      }
 229          /**************************************************
 230          *函数名称：int  GetCurrFingerValue(unsigned char i)
 231          *函数功能：获取当前的finger 值
 232          *入口参数：unsigned char
 233          *出口参数：int 
 234          *备注   ：
 235          **************************************************/
 236          unsigned int   GetCurrFingerValue(unsigned char i)
 237          { 
 238   1             return TKChannelCfg[i][FINGER_THRESHOLD_H]*256+TKChannelCfg[i][FINGER_THRESHOLD_L] ;
 239   1      }
C51 COMPILER V9.59.0.0   S_TOUCHKEYCFG                                                     05/06/2019 20:56:46 PAGE 5   

 240          
 241          /**************************************************
 242          *函数名称：unsigned char  GetScanTimeValue(unsigned char i)
 243          *函数功能：获取当前通道的扫描时间
 244          *入口参数：unsigned char
 245          *出口参数：unsigned char 
 246          *备注   ：
 247          **************************************************/
 248          unsigned char  GetScanTimeValue(unsigned char i)
 249          { 
 250   1             return TKChannelCfg[i][SCANTIME];
 251   1      }
 252          /**************************************************
 253          *函数名称：unsigned char IsDoubleKeyOrSlideKey(void)
 254          *函数功能：检测是否是弹簧滑条或者双键
 255          *入口参数：void
 256          *出口参数：unsigned char 
 257          *备注   ：
 258          **************************************************/
 259          unsigned char IsDoubleKeyOrSlideKey(void)
 260          {
 261   1          return TKCFG[IsDoubleKey];
 262   1      }
 263          /**************************************************
 264          *函数名称：unsigned char  GetBaseLineAdjustValue(unsigned char i)
 265          *函数功能：获取当前通道的基线调整
 266          j
 267          *入口参数：unsigned char
 268          *出口参数：unsigned char 
 269          *备注   ：
 270          **************************************************/
 271          #if 1
 272          unsigned char  GetBaseLineAdjustValue(unsigned char i)
 273          {      
 274   1          return BaseLineAdjusttmp[i]; 
 275   1      }
 276          #endif
 277          /**************************************************
 278          *函数名称：unsigned char GetUpConfirmCnt(void)
 279          *函数功能：检测按键弹起次数
 280          *入口参数：void
 281          *出口参数：返回按键弹起确认次数 
 282          *备注   ：
 283          **************************************************/
 284          unsigned char GetUpConfirmCnt(void)
 285          {
 286   1             return ConfirmTouchCnt>>1;
 287   1      }
 288          /**************************************************
 289          *函数名称：unsigned char GetTKYzCnt(void)
 290          *函数功能：获取按键抑制确认次数
 291          *入口参数：void
 292          *出口参数：返回抑制次数 
 293          *备注   ：
 294          **************************************************/
 295          unsigned char GetTKYzCnt(void)
 296          {
 297   1             return (ConfirmTouchCnt/3);
 298   1      }
 299          
 300          /**************************************************
 301          *函数名称：int GetTKYzThreshold(unsigned char i)
C51 COMPILER V9.59.0.0   S_TOUCHKEYCFG                                                     05/06/2019 20:56:46 PAGE 6   

 302          *函数功能：获取按键抑制区间
 303          *入口参数：unsigned char i
 304          *出口参数：返回抑制区间
 305          *备注   ：
 306          **************************************************/
 307          unsigned int GetTKYzThreshold(unsigned char i)
 308          {      
 309   1             unsigned int SetFingerThresholdtmp; 
 310   1             
 311   1             SetFingerThresholdtmp = GetCurrFingerValue(i); 
 312   1          SetFingerThresholdtmp = SetFingerThresholdtmp*SOCAPI_INHIBITION_ZONE/10;
 313   1      
 314   1             return SetFingerThresholdtmp;
 315   1      }
 316          /**************************************************
 317          *函数名称：void CurrentSensorChoose(void)
 318          *函数功能：当前通道选择
 319          *入口参数：void
 320          *出口参数：void
 321          *备注   ：
 322          **************************************************/
 323          void CurrentSensorChoose(void)
 324          {
 325   1             unsigned char        i ;
 326   1             unsigned char        Ctk_Channel_mark = 0;
 327   1          unsigned char    WakeUpKey_Channel_mark = 0;
 328   1             unsigned long int    CurrentSensorKey  ; 
 329   1             CurrentSensorKey = SOCAPI_SET_TOUCHKEY_CHANNEL; 
 330   1                    
 331   1             for(i=0;i<23;i++)
 332   1             {
 333   2                    CurrentSensorKey=CurrentSensorKey>>1;
 334   2                    if(TK_CY)
 335   2                    {
 336   3                           CurrentChannel[Ctk_Channel_mark] = i;                                        //选择触摸当前的通道
 337   3                  #ifdef  TK_LowPowerMode
 338   3                           if(WakeUpKey_Channel_mark<WakeUpKeyNum)
 339   3                  {
 340   4                      if((WakeUpKeyChannel&((unsigned long int)1<<i)))
 341   4                      {
 342   5                          WakeUpKey_List[WakeUpKey_Channel_mark++] = Ctk_Channel_mark;
 343   5                      }
 344   4                  }
 345   3                  #endif
 346   3                           Ctk_Channel_mark++;
 347   3                           if(Ctk_Channel_mark >= SOCAPI_SET_TOUCHKEY_TOTAL)
 348   3                                  break;
 349   3                    }             
 350   2             }
 351   1             CurrentChannelMax = Ctk_Channel_mark;                                               //当前选择的按键数 
 352   1      }
 353          
 354          /**************************************************
 355          *函数名称：unsigned char  GetCfgMsg(unsigned char i)
 356          *函数功能：获取Touch KEY 配置信息
 357          *入口参数：void
 358          *出口参数：int 
 359          *备注   ：
 360          **************************************************/
 361          unsigned char  GetCfgMsg(unsigned char i)
 362          {
 363   1             switch(i)
C51 COMPILER V9.59.0.0   S_TOUCHKEYCFG                                                     05/06/2019 20:56:46 PAGE 7   

 364   1             { 
 365   2                     case 0:  return TKChannelCfg[0][SET_TOUCH_FREQ];
 366   2                     case 1:  return TKChannelCfg[0][SET_RESOLUTION];
 367   2                     case 2:  return TKChannelCfg[0][SET_GAIN_CFG];
 368   2                     case 3:  return TKChannelCfg[0][SET_GAIN_CFG];
 369   2                     case 4:  return TKCFG[SET_ANTIJAM];
 370   2                     default:return 0;          
 371   2             }
 372   1      }
 373          
 374          /**************************************************
 375          *函数名称：void CurrentSensorChoose(void)
 376          *函数功能：初始化TK寄存器
 377          *入口参数：void
 378          *出口参数：void
 379          *备注   ：
 380          **************************************************/
 381          void TouchKeyCFGInit(void)
 382          {
 383   1             unsigned char        i;
 384   1             ConfirmTouchCnt = TKCFG[CONFIRMTOUCHCNT];
 385   1             SetNoiseThreshold = TKCFG[NOISE];
 386   1             CurrentSensorChoose(); 
 387   1             for(i=0;i<CurrentChannelMax;i++)
 388   1             {
 389   2               BaseLineAdjusttmp[i] =TKChannelCfg[i][SET_ICHA];;     
 390   2             } 
 391   1             UpdateBaseLNum = 0; 
 392   1          #ifdef  TK_LowPowerMode
 393   1          BTM_Init();
 394   1          #endif 
 395   1      }
 396          
 397          /**************************************************
 398          *函数名称：unsigned int TouchKeyScan(void)
 399          *函数功能：检测按键接口
 400          *入口参数：void
 401          *出口参数：按键通道， 返回的是一个int , 通道数
 402          *备注   ：1,  调用触控库检测函数SensorKeyFlag()
 403                           2,  分析得出16个通道，哪个通道有按下，按下bit 位设置为1，否则为0
 404                           3,  检测是否需要立即更新baseline:  大于MAX_KEY_RESET_BASELINE 个按键按下时立即更新baseline
 405                           4,  双键或者单键按下时， 时间大于SetOneKeyPushResetTime()结果时更新baseline 
 406          **************************************************/
 407          unsigned long int TouchKeyScan(void)
 408          {
 409   1             unsigned char t;
 410   1          unsigned char MultipleCnt = 0;//按键计数
 411   1             unsigned long int Keyvalue ; 
 412   1             unsigned long int KeyData = 0;     
 413   1             if(WakeUp_Flag == 0)
 414   1             {
 415   2              if(GetIsNeedUpdateBaseline() == 0)                            //检测是否需要更新baseline 
 416   2              {
 417   3                  Keyvalue = SensorKeyFlag();                               //Sensor判断, 这里如果bMultiple = 1 表示中间有干扰       //分析按键
             -，得出标准的16通道bit 位                                                                      
 418   3                  for(t=0;t<CurrentChannelMax;t++)
 419   3                  {
 420   4                      Keyvalue = Keyvalue>>1;
 421   4                      if(TK_CY)
 422   4                      {
 423   5                          KeyData |= ((unsigned long int)0x01 << (CurrentChannel[t]));              
 424   5                          MultipleCnt++;                                           
C51 COMPILER V9.59.0.0   S_TOUCHKEYCFG                                                     05/06/2019 20:56:46 PAGE 8   

 425   5                      }
 426   4                  }                
 427   3                  if(MultipleCnt >= 2)                                                                  //进入多按键处理
 428   3                  {               
 429   4                      bMultiple = 1;                   
 430   4                      if(MultipleCnt >= SOCAPI_MAX_KEY_NUM_INVALID)
 431   4                      {
 432   5                          SetNeedUpdateBaseline();                                               // 立即更新baseline ,例如亚克力板盖上去
 433   5                      }
 434   4                      else
 435   4                      {                                
 436   5                          if(IsDoubleKeyOrSlideKey())
 437   5                          {
 438   6                              bMultiple = 0;
 439   6                          }                             
 440   5                      }                  
 441   4                  }               
 442   3      
 443   3                  if(bMultiple == 0)                                               //进入按键判断
 444   3                  {        
 445   4                      if(KeyData != 0x0)                                 //单个按键达到多长时间就update baseline ,松手检测
 446   4                      {                  
 447   5                          UpdateBaseLNum++; 
 448   5                      }
 449   4                      else 
 450   4                      {
 451   5                          UpdateBaseLNum = 0;                            
 452   5                      }                                  
 453   4                  } 
 454   3                  else
 455   3                  {   
 456   4                      //考虑基线更新            
 457   4                      MultipleLNum++; 
 458   4                      KeyData = 0x00;
 459   4                  }
 460   3      
 461   3                  if(UpdateBaseLNum > SetOneKeyPushResetTime())        //按键超出最长输出时间更新基线
 462   3                  {
 463   4                      SetNeedUpdateBaseline(); 
 464   4                      UpdateBaseLNum = 0;
 465   4                  }
 466   3                          
 467   3                  if(MultipleLNum >SOCAPI_MAX_KEY_MUTIPLE)             //干扰计数大于最大计数更新基线
 468   3                  {
 469   4                      SetNeedUpdateBaseline(); 
 470   4                      MultipleDealTpye = 1; 
 471   4                      MultipleLNum = 0;
 472   4                  }  
 473   3              }                   
 474   2              else
 475   2              {
 476   3                  MultipleDeal(TKCFG[AUTO_UPDATE_TIME]);                                                                     //基线复位处理
 477   3              }  
 478   2          }
 479   1          else
 480   1          {
 481   2              #ifdef  TK_LowPowerMode
 482   2                    Keyvalue = KeyFlag;
 483   2              for(t=0;t<CurrentChannelMax;t++)
 484   2              {                   
 485   3                  FilterDataDeal(t);                                 //IIR滤波 
 486   3                  Keyvalue = Keyvalue>>1;
C51 COMPILER V9.59.0.0   S_TOUCHKEYCFG                                                     05/06/2019 20:56:46 PAGE 9   

 487   3                  if(TK_CY)
 488   3                  {
 489   4                      KeyData |= ((unsigned long int)0x01 << (CurrentChannel[t]));                                           
             -              
 490   4                  }            
 491   3              }            
 492   2              WakeUpThenScanCount++;
 493   2              if(WakeUpThenScanCount>1)       //5
 494   2              {
 495   3                  WakeUpThenScanCount = 0;
 496   3                  for(t=0; t<CurrentChannelMax; t++)  //初始化Filter滤波
 497   3                  {
 498   4                      if(KeyFlag &((unsigned long int)1<<WakeUpKey_List[WakeUpKey_Index]))
 499   4                          continue;
 500   4                      BaseLine[t] = RawData[t];
 501   4                  }
 502   3                  WakeUp_Flag = 0;
 503   3              }
 504   2                    #endif
 505   2          }
 506   1             return KeyData;
 507   1      }
 508          /**************************************************
 509          *函数名称：void TouchKey_IntoLowPowerMode(void)
 510          *函数功能d进入低功耗模式
 511          *入口参数：void
 512          *出口参数：void  
 513          **************************************************/
 514          #if 0
              void TouchKey_IntoLowPowerMode(void)
              {
                  #ifdef  TK_LowPowerMode
                  LowPowerScan_Flag = 1;
                  WakeUp_Flag = 0;
                  WakeUpKey_Index = 0;
                  TK_IE1 = TK_IE1&(~0x10);                     //关闭TK中断
                  //Customer_IntoLowPowerMode_Init();
                  #endif
              }
              #endif
 526          
 527          /**************************************************
 528          *函数名称：void TouchKey_QuitLowPowerMode(void)
 529          *函数功能d退出低功耗模式
 530          *入口参数：void
 531          *出口参数：void  
 532          **************************************************/
 533          #if 0
              void TouchKey_QuitLowPowerMode(void)
              {
                  #ifdef  TK_LowPowerMode
                   LowPowerScan_Flag = 0;
                   WakeUp_Flag = 1;  
                   TK_IE1 = TK_IE1|0x10;                       //使能触摸中断
                   TKCR = 0x80|CurrentChannel[0]; 
                   TRIG = 1; 
                   //Customer_QuitLowPowerMode_Init();
                  #endif
              }
              #endif
 546          /**************************************************
 547          *函数名称：void TouchKey_LowPower_Scan(void)
C51 COMPILER V9.59.0.0   S_TOUCHKEYCFG                                                     05/06/2019 20:56:46 PAGE 10  

 548          *函数功能d低功耗扫描
 549          *入口参数：void
 550          *出口参数：void  
 551          **************************************************/
 552          #if 0
              void TouchKey_LowPower_Scan(void)
              {
                  #ifdef  TK_LowPowerMode
                  TKCFG0 =  GetCfgMsg(2)*16+0;
                  TKTM = ScanTime*GetScanTimeValue(WakeUpKey_List[WakeUpKey_Index])>>2;
                     TKCFG0 =  GetCfgMsg(2)*16+GetCfgMsg(0);
                  TKCFG1 = (TKCFG1&0X80) | GetBaseLineAdjustValue(WakeUpKey_List[WakeUpKey_Index]);
                  TKCR = 0x80|CurrentChannel[WakeUpKey_List[WakeUpKey_Index]]; 
                  TRIG = 1;           
                  #endif    
              }
              #endif
 565          /**************************************************
 566          *函数名称：void TouchKey_LowPower_Dispose(void)
 567          *函数功能d低功耗扫描数据处理
 568          *入口参数：void
 569          *出口参数：void  
 570          **************************************************/
 571          #if 0
              void TouchKey_LowPower_Dispose(void)
              {  
                   #ifdef  TK_LowPowerMode 
                   int differData; 
                   int SetFingerThresholdtmp;  
                   while(TRIF == 0);  
                   TRIF = 0; 
                      
                   RawData[WakeUpKey_List[WakeUpKey_Index]] = TKCNT<<2;
                   FilterDataDeal(WakeUpKey_List[WakeUpKey_Index]);
                   differData = RawData[WakeUpKey_List[WakeUpKey_Index]]-BaseLine[WakeUpKey_List[WakeUpKey_Index]] ;
                   SetFingerThresholdtmp = GetCurrFingerValue(WakeUpKey_List[WakeUpKey_Index]);
                   if(differData >= (SetFingerThresholdtmp ))
                   {
                       TouchCnt[WakeUpKey_List[WakeUpKey_Index]]++;        
                       SingleKeyFastScan_Flag = 1;       
                   } 
                   else
                   {      
                        BaseLine[WakeUpKey_List[WakeUpKey_Index]] =BaseLine[WakeUpKey_List[WakeUpKey_Index]]-(BaseLine[W
             -akeUpKey_List[WakeUpKey_Index]]>>5)+(RawData[WakeUpKey_List[WakeUpKey_Index]]>>5);          
                   }
                   #endif     
              }
              #endif
 596          
 597          /**************************************************
 598          *函数名称：void SingleKeyFastScan(void)
 599          *函数功能d单按键快速扫描模式
 600          *入口参数：void
 601          *出口参数：void  
 602          **************************************************/
 603          #if 0
              void SingleKeyFastScan(void)
              { 
                  #ifdef  TK_LowPowerMode 
                  unsigned char i;
                  int differData; 
C51 COMPILER V9.59.0.0   S_TOUCHKEYCFG                                                     05/06/2019 20:56:46 PAGE 11  

                  int SetFingerThresholdtmp;
                  
                  SingleKeyFastScan_Flag = 0;  
                  
                  for(i=0;i<TK_WakeUpConfirmTouchCnt;i++)
                  {
                       //TouchKey_LowPower_Scan();
                       while(TRIF == 0);
                       TRIF = 0;
                       RawData[WakeUpKey_List[WakeUpKey_Index]] = TKCNT<<2;
                       FilterDataDeal(WakeUpKey_List[WakeUpKey_Index]);
                       differData = RawData[WakeUpKey_List[WakeUpKey_Index]]-BaseLine[WakeUpKey_List[WakeUpKey_Index]] ;
                       SetFingerThresholdtmp = GetCurrFingerValue(WakeUpKey_List[WakeUpKey_Index]);
                       if(differData >= (SetFingerThresholdtmp ))
                       {   
                          TouchCnt[WakeUpKey_List[WakeUpKey_Index]]++;  
                       }             
                  }
                  if(TouchCnt[WakeUpKey_List[WakeUpKey_Index]]>=TK_WakeUpConfirmTouchCnt)
                  {        
                       KeyFlag |= ((unsigned long int)1<<WakeUpKey_List[WakeUpKey_Index]);      
                             //TouchKey_QuitLowPowerMode();       
                  }
                  else
                  {
                      TouchCnt[WakeUpKey_List[WakeUpKey_Index]] = 0;
                  }
                  #endif
              }
              #endif
 639          /**************************************************
 640          *函数名称：void  SleepMode(void)
 641          *函数功能d睡眠模式
 642          *入口参数：void
 643          *出口参数：void  
 644          **************************************************/
 645          #if 0
              void  SleepMode(void)
              {   
                  #ifdef  TK_LowPowerMode 
                  BTMCON |= 0x80;
                  BTM_WakeUpFlag = 0;
                  PCON |= 0x02;    //PCON的bit1 STOP位写1，配置MCU进入STOP模式
                  _nop_();         //至少需要8个_nop_()
                  _nop_();
                  _nop_();
                  _nop_();
                  _nop_();
                  _nop_();
                  _nop_();
                  _nop_();
                  #endif
              }
              #endif
 663          /**************************************************
 664          *函数名称：void LowPower_Touchkey_Scan(void)
 665          *函数功能d低功耗模式TK扫描
 666          *入口参数：void
 667          *出口参数：void  
 668          **************************************************/
 669          #if 0
              void LowPower_Touchkey_Scan(void)
C51 COMPILER V9.59.0.0   S_TOUCHKEYCFG                                                     05/06/2019 20:56:46 PAGE 12  

              {                                         
                  #ifdef  TK_LowPowerMode 
                     //设置唤醒按键扫描
                  //TouchKey_LowPower_Scan(); 
              
                     //进入STOP模式                  
                  //SleepMode();    
                                                 
                     //进行按键处理
                  //TouchKey_LowPower_Dispose();           //检测按键
                  if( SingleKeyFastScan_Flag == 1)
                  {
                      SingleKeyFastScan();                 //若有按键信息进入单按键快速多次扫描确定按键是否真实信号。
                  }
                  if(LowPowerScan_Flag == 1)
                  {        
                      WakeUpKey_Index++; 
                      if(WakeUpKey_Index>=WakeUpKeyNum)
                      {
                         WakeUpKey_Index = 0; 
                      }
                  }  
              
                     // 用户BTM唤醒后的处理函数
                     //Customer_BTM_Dispose();  
                           
                  #endif    
              }
              #endif


MODULE INFORMATION:   STATIC OVERLAYABLE
   CODE SIZE        =   1115    ----
   CONSTANT SIZE    =     98    ----
   XDATA SIZE       =    128    ----
   PDATA SIZE       =   ----    ----
   DATA SIZE        =   ----      25
   IDATA SIZE       =      3    ----
   BIT SIZE         =      4    ----
END OF MODULE INFORMATION.


C51 COMPILATION COMPLETE.  0 WARNING(S),  0 ERROR(S)
