C51 COMPILER V9.59.0.0   SYSTEM                                                            05/07/2019 09:43:46 PAGE 1   


C51 COMPILER V9.59.0.0, COMPILATION OF MODULE SYSTEM
OBJECT MODULE PLACED IN .\obj\SYSTEM.obj
COMPILER INVOKED BY: E:\MDK\C51\BIN\C51.EXE C\SYSTEM.C OPTIMIZE(2,SPEED) BROWSE INCDIR(.\H;.\lib) DEBUG OBJECTEXTEND PRI
                    -NT(.\lst\SYSTEM.lst) TABS(7) OBJECT(.\obj\SYSTEM.obj)

line level    source

   1          #include "system.h"
   2          
   3          TIMEOUT_PARA TimeOut_Para[2];
   4          unsigned char TX_DATA;
   5          unsigned int TX1_DATA;
   6          extern unsigned char count_level,lock;
   7          /******************************************************************************
   8          *作者:PETER
   9          *日期:190308
  10          *描述:系统函数初始化
  11          *返回:无
  12          *******************************************************************************/
  13          
  14          
  15          void System_Init(void)
  16          {
  17   1          TimeOutDet_Init();
  18   1          uart_init(Fsys,BaudRate);
  19   1          Uart1_Init(Fsys,BaudRate);
  20   1          GPIO_INIT();
  21   1          Timer0_Init();
  22   1          lock = 1;
  23   1          count_level = 15;
  24   1          TouchKeyInit(); // 触控按键初始化
  25   1          WDTCON |= 0x10;
  26   1          EA = 1;
  27   1      }
  28          
  29          /******************************************************************************
  30          *作者:PETER
  31          *日期:190308
  32          *描述:系统处理函数
  33          *返回:无
  34          *******************************************************************************/
  35          
  36          
  37          void System_Handle(void)
  38          {
  39   1             WDTCON |= 0x10;
  40   1          Key_Scanf();
  41   1             if(TimeOutDet_Check(&TimeOut_Para[0]))      
  42   1             {
  43   2                    TimeOut_Record( &TimeOut_Para[0],OnLine_Time);
  44   2                    Uart1_ProtocolSend(0xfa,0xfb,TX_DATA);
  45   2                    Uart2_ProtocolSend(0xfa,0xfb,TX1_DATA);
  46   2             }
  47   1      }
  48          /******************************************************************************/
  49          
  50          


MODULE INFORMATION:   STATIC OVERLAYABLE
   CODE SIZE        =    113    ----
C51 COMPILER V9.59.0.0   SYSTEM                                                            05/07/2019 09:43:46 PAGE 2   

   CONSTANT SIZE    =   ----    ----
   XDATA SIZE       =   ----    ----
   PDATA SIZE       =   ----    ----
   DATA SIZE        =     19    ----
   IDATA SIZE       =   ----    ----
   BIT SIZE         =   ----    ----
END OF MODULE INFORMATION.


C51 COMPILATION COMPLETE.  0 WARNING(S),  0 ERROR(S)
