C51 COMPILER V9.59.0.0   UART                                                              05/07/2019 08:14:17 PAGE 1   


C51 COMPILER V9.59.0.0, COMPILATION OF MODULE UART
OBJECT MODULE PLACED IN .\obj\UART.obj
COMPILER INVOKED BY: E:\MDK\C51\BIN\C51.EXE C\UART.C OPTIMIZE(2,SPEED) BROWSE INCDIR(.\H;.\lib) DEBUG OBJECTEXTEND PRINT
                    -(.\lst\UART.lst) TABS(7) OBJECT(.\obj\UART.obj)

line level    source

   1          #include "UART.h"
   2          #include "SC92F836xB_C.H"
   3          
   4          unsigned char Uart1SendFlag,Uart1ReceiveFlag,SLAVE,RevData,RevNum,RevString[UART2_REVBUF_SIZE];
   5          
   6          /******************************************************************************
   7          *作者:PETER
   8          *日期:190308
   9          *描述:串口0初始化
  10          *返回:无
  11          *******************************************************************************/
  12          void uart_init(unsigned char Fsystem,unsigned int BaudRate_Count)
  13          {      
  14   1             P1CON &= 0xF3;   //TX/RX设置为输入带上拉
  15   1             P1PH  |= 0x0C;
  16   1             SCON  |= 0X50;   //设置通信方式为模式一，允许接收
  17   1             TMCON |= 0X02;
  18   1             TMOD  |= 0X20;
  19   1             PCON  |= 0X80;       //SMOD=1
  20   1             TH1 = (Fsystem*1000000/BaudRate_Count)>>8;         //波特率为T1的溢出时间；
  21   1             TL1 = Fsystem*1000000/BaudRate_Count;
  22   1             TR1 = 0;
  23   1             ET1 = 0;
  24   1             EUART = 0;     //开启Uart0中断
  25   1      }
  26          
  27          /*****************************************************
  28          *函数名称：void Uart1_Init(uint Freq,unsigned long int baud)
  29          *函数功能：Uart1中断初始化
  30          *入口参数：Freq-主频，baud-波特率
  31          *出口参数：Freq,baud
  32          *****************************************************/
  33          void Uart1_Init(unsigned char Freq,unsigned long int baud)
  34          {
  35   1             P2CON &= 0xFC;   //TX/RX设置为输入带上拉
  36   1             P2PH  |= 0x03;
  37   1             OTCON = 0xC0;    //串行接口SSI选择Uart1通信
  38   1             SSCON0 = 0x50;   //设置通信方式为模式一，允许接收
  39   1             SSCON1 = Freq*1000000/baud;   //波特率低位控制
  40   1             SSCON2 = (Freq*1000000/baud)>>8;   //波特率高位控制
  41   1             IE1 = 0x01;      //开启SSI中断
  42   1             EA = 1;       
  43   1      }
  44          
  45          /******************************************************************************
  46          *作者:PETER
  47          *日期:190308
  48          *描述:串口0发送函数
  49          *返回:无
  50          *******************************************************************************/
  51          static void UART_TX_byte(unsigned char Test1Data)
  52          {
  53   1         TI = 0;
  54   1         SBUF = Test1Data;
C51 COMPILER V9.59.0.0   UART                                                              05/07/2019 08:14:17 PAGE 2   

  55   1         while(!TI);
  56   1      }
  57          
  58          static unsigned char Uart1_SendData(UART1_PROTOCOL_TX *p)
  59          {
  60   1             static unsigned char i;
  61   1             for(i = 0; i < UART1_BUF_SIZE;i ++)
  62   1             {
  63   2                    UART_TX_byte(p->Uart1_Buf[i]);
  64   2             }
  65   1             return 0;
  66   1      }
  67          #if 1
  68          unsigned char Uart1_ProtocolSend(unsigned char addr1,unsigned char id1,unsigned int uart1data)
  69          {
  70   1             UART1_PROTOCOL_TX Uart1_buf;
  71   1             memset(&Uart1_buf,0,sizeof(Uart1_buf));
  72   1             Uart1_buf.Uart1_Format.ADDR1 = addr1;
  73   1             Uart1_buf.Uart1_Format.ID1      = id1; 
  74   1             Uart1_buf.Uart1_Format.DATA1  = UART1_Hight(uart1data);
  75   1             Uart1_buf.Uart1_Format.DATA2 = UART1_Low(uart1data);
  76   1             Uart1_buf.Uart1_Format.CHECKSUM1 = (unsigned char)(Uart1_buf.Uart1_Format.ADDR1+Uart1_buf.Uart1_Format.ID
             -1+Uart1_buf.Uart1_Format.DATA1+Uart1_buf.Uart1_Format.DATA2);
  77   1             Uart1_buf.Uart1_Format.STOP1 = 0x0d;
  78   1             Uart1_buf.Uart1_Format.STOP2 = 0x0a;
  79   1             return Uart1_SendData(&Uart1_buf);
  80   1      }
  81          #endif
  82          /******************************************************************************
  83          *作者:PETER
  84          *日期:190308
  85          *描述:串口1发送函数
  86          *返回:无
  87          *******************************************************************************/
  88          
  89          static void Uart1_Tx_Byte(unsigned char Test2Data)
  90          {
  91   1             SSDAT = Test2Data;
  92   1             while(!Uart1SendFlag);
  93   1             Uart1SendFlag = 0;
  94   1      }
  95          
  96          static unsigned char Uart2_SendData(UART2_PROTOCOL_TX *p)
  97          {
  98   1             static unsigned char i;
  99   1             for(i = 0 ;i < UART2_BUF_SIZE;i ++)
 100   1             {
 101   2                    Uart1_Tx_Byte(p->Uart2_Buf[i]);
 102   2             }
 103   1             return 0;
 104   1      }
 105          
 106          #if 1
 107          unsigned char Uart2_ProtocolSend(unsigned char addr2,unsigned char id2,unsigned int uart2data)
 108          {
 109   1             UART2_PROTOCOL_TX Uart2_buf;
 110   1             memset(&Uart2_buf,0,sizeof(Uart2_buf));
 111   1             Uart2_buf.Uart2_Format.UART2_ADDR2 = addr2;
 112   1             Uart2_buf.Uart2_Format.UART2_ID2      = id2;
 113   1             Uart2_buf.Uart2_Format.UART2_DATA1 = UART2_Hight(uart2data);
 114   1             Uart2_buf.Uart2_Format.UART2_DATA2 = UART2_Low(uart2data);
 115   1             Uart2_buf.Uart2_Format.UART2_CHECKSUM2 = (unsigned char)(Uart2_buf.Uart2_Format.UART2_ADDR2+Uart2_buf.Uar
C51 COMPILER V9.59.0.0   UART                                                              05/07/2019 08:14:17 PAGE 3   

             -t2_Format.UART2_ID2+Uart2_buf.Uart2_Format.UART2_DATA1+Uart2_buf.Uart2_Format.UART2_DATA2);
 116   1             Uart2_buf.Uart2_Format.UART2_STOP1 = 0x0d;
 117   1             Uart2_buf.Uart2_Format.UART2_STOP2 = 0x0a;
 118   1             return Uart2_SendData(&Uart2_buf);
 119   1      }
 120          #endif
 121          /******************************************************************************
 122          *作者:PETER
 123          *日期:190308
 124          *描述:串口1接收函数
 125          *返回:无
 126          *******************************************************************************/
 127          unsigned char Rev_Data(void)
 128          {
 129   1          SLAVE = SSDAT;
 130   1          return SLAVE;
 131   1      }
 132          
 133          unsigned char RevData_If(void)
 134          {
 135   1             if(RevNum & 0x80)
 136   1             {
 137   2                    RevNum = 0x00;
 138   2                    return 1;
 139   2             }
 140   1             else
 141   1             {
 142   2                    return 0;
 143   2             }
 144   1      }
 145          
 146          static void RevData_Handle(void)
 147          {
 148   1             RevData = Rev_Data();
 149   1             if(0 == (RevNum & 0x80))
 150   1             {
 151   2                    if(RevNum & 0x40)
 152   2                    {
 153   3                           if(RevData == 0x0a)
 154   3                           {
 155   4                                  RevNum = 0x80;
 156   4                           }
 157   3                           else
 158   3                           {
 159   4                                  RevNum = 0x00;
 160   4                           }
 161   3                    }
 162   2                    else
 163   2                    {
 164   3                           if(RevData == 0x0d)
 165   3                           {
 166   4                                  RevNum = 0x40;
 167   4                           }
 168   3                           else
 169   3                           {
 170   4                                  RevString[RevNum]=RevData;
 171   4                                  RevNum ++;
 172   4                                  if(RevString[0] != 0xfa)
 173   4                                  {
 174   5                                         RevNum = 0;
 175   5                                  }
 176   4                                  if(RevNum > UART2_REVBUF_SIZE)
C51 COMPILER V9.59.0.0   UART                                                              05/07/2019 08:14:17 PAGE 4   

 177   4                                  {
 178   5                                         RevNum = 0;
 179   5                                  }
 180   4                           }
 181   3                    }
 182   2             }
 183   1      }
 184          
 185          /******************************************************************************
 186          *作者:PETER
 187          *日期:190308
 188          *描述:串口1中断处理函数
 189          *返回:无
 190          *******************************************************************************/
 191          
 192          void Uart1_Int() interrupt 7   //Uart1中断函数
 193          {
 194   1             if(SSCON0&0x02)    //发送标志位判断
 195   1             {
 196   2                    SSCON0 &= 0xFD;
 197   2                    Uart1SendFlag = 1;
 198   2             }
 199   1             if((SSCON0&0x01))  //接收标志位判断
 200   1             {
 201   2                    SSCON0 &= 0xFE;
 202   2                    Uart1ReceiveFlag = 1;
 203   2             }      
 204   1             RevData_Handle();
 205   1      }
 206          
 207          
 208          


MODULE INFORMATION:   STATIC OVERLAYABLE
   CODE SIZE        =    661    ----
   CONSTANT SIZE    =   ----    ----
   XDATA SIZE       =   ----    ----
   PDATA SIZE       =   ----    ----
   DATA SIZE        =     14      38
   IDATA SIZE       =   ----    ----
   BIT SIZE         =   ----    ----
END OF MODULE INFORMATION.


C51 COMPILATION COMPLETE.  0 WARNING(S),  0 ERROR(S)
