C51 COMPILER V9.59.0.0   MAIN                                                              04/22/2019 10:58:18 PAGE 1   


C51 COMPILER V9.59.0.0, COMPILATION OF MODULE MAIN
OBJECT MODULE PLACED IN .\Objects\main.obj
COMPILER INVOKED BY: E:\MDK\C51\BIN\C51.EXE ..\user\main.c OPTIMIZE(8,SPEED) BROWSE INCDIR(..\bsp;..\lib;..\TimeOut;..\u
                    -ser) DEBUG OBJECTEXTEND PRINT(.\Listings\main.lst) TABS(7) OBJECT(.\Objects\main.obj)

line level    source

   1          #include "system.h"
   2          
   3          
   4          
   5          
   6          
   7          
   8          /**************************************************
   9          *函数名称：void Customer_IntoSleepmode_init(void)
  10          *函数功能：进入低功耗模式前的的初始化
  11          *入口参数：void
  12          *出口参数：void  
  13          **************************************************/
  14          void Customer_IntoLowPowerMode_Init(void)
  15          {
  16   1          //关闭耗电的外设，保持最低功耗
  17   1          //P0= P1 = P2 = 0;
  18   1      }
  19          /**************************************************
  20          *函数名称：void Customer_OutoffSleepmode_init(void)
  21          *函数功能：退出低功耗模式后的的初始化
  22          *入口参数：void
  23          *出口参数：void  
  24          **************************************************/
  25          void Customer_QuitLowPowerMode_Init(void)
  26          {
  27   1         //恢复低功耗前设置
  28   1      }
  29          
  30          void Customer_BTM_Dispose(void)
  31          {
  32   1             ;
  33   1      }
  34          
  35          void main(void)
  36          {
  37   1             System_Init();
  38   1             while(1)
  39   1             {
  40   2                    System_Handle();
  41   2             }
  42   1      }
  43          
  44          


MODULE INFORMATION:   STATIC OVERLAYABLE
   CODE SIZE        =     11    ----
   CONSTANT SIZE    =   ----    ----
   XDATA SIZE       =   ----    ----
   PDATA SIZE       =   ----    ----
   DATA SIZE        =   ----    ----
   IDATA SIZE       =   ----    ----
   BIT SIZE         =   ----    ----
C51 COMPILER V9.59.0.0   MAIN                                                              04/22/2019 10:58:18 PAGE 2   

END OF MODULE INFORMATION.


C51 COMPILATION COMPLETE.  0 WARNING(S),  0 ERROR(S)
