C51 COMPILER V9.59.0.0   BSP_BTM                                                           04/22/2019 10:58:19 PAGE 1   


C51 COMPILER V9.59.0.0, COMPILATION OF MODULE BSP_BTM
OBJECT MODULE PLACED IN .\Objects\bsp_btm.obj
COMPILER INVOKED BY: E:\MDK\C51\BIN\C51.EXE ..\bsp\bsp_btm.c OPTIMIZE(8,SPEED) BROWSE INCDIR(..\bsp;..\lib;..\TimeOut;..
                    -\user) DEBUG OBJECTEXTEND PRINT(.\Listings\bsp_btm.lst) TABS(7) OBJECT(.\Objects\bsp_btm.obj)

line level    source

   1          #include "bsp_btm.h"
   2          
   3          
   4          void Btm_Test(void)
   5          {
   6   1             BTMCON = 0x00;  //不开启
   7   1      //     BTMCON = 0x80;  //每15.6ms产生一个中断
   8   1      //     BTMCON = 0x81;       //每31.3ms产生一个中断
   9   1      //     BTMCON = 0x82;       //每62.5ms产生一个中断
  10   1      //     BTMCON = 0x83;       //每125ms产生一个中断
  11   1      //     BTMCON = 0x84;       //每0.25s产生一个中断
  12   1      //     BTMCON = 0x85;       //每0.5s产生一个中断
  13   1      //     BTMCON = 0x86;       //每1s产生一个中断
  14   1      //     BTMCON = 0x87;       //每2s产生一个中断
  15   1      //     BTMCON = 0x88;       //每4s产生一个中断
  16   1             IE1 |= 0x04;       //开启BTM中断
  17   1             EA = 1;           //开启总中断
  18   1      }
  19          
  20          
  21          #if 1
  22          /*****************************************************
  23          *函数名称：void BTM_Int(void) interrupt 9
  24          *函数功能：中断函数
  25          *入口参数：void
  26          *出口参数：void
  27          *****************************************************/
  28          void BTM_Int1_Test(void) interrupt 9
  29          {
  30   1             if(!(BTMCON&0X40))          //中断标志位判断
  31   1             {
  32   2                    //P25=!P25;
  33   2             }
  34   1      }
  35          
  36          #endif
  37          
  38          


MODULE INFORMATION:   STATIC OVERLAYABLE
   CODE SIZE        =     10    ----
   CONSTANT SIZE    =   ----    ----
   XDATA SIZE       =   ----    ----
   PDATA SIZE       =   ----    ----
   DATA SIZE        =   ----    ----
   IDATA SIZE       =   ----    ----
   BIT SIZE         =   ----    ----
END OF MODULE INFORMATION.


C51 COMPILATION COMPLETE.  0 WARNING(S),  0 ERROR(S)
